2022-06-02 07:49:07,868 - accelerate_moves - DEBUG - 1536.886007947223 [12, 24, 29, 6, 19, 27, 4, 18, 17, 28, 15, 20, 25, 11, 23, 16, 1, 8, 7, 26, 22, 13, 21, 14, 9, 2, 3, 5, 0, 10]
2022-06-02 07:49:07,870 - accelerate_moves - DEBUG - 1392.6718940464934 [12, 24, 29, 6, 19, 4, 27, 18, 17, 28, 15, 20, 25, 11, 23, 16, 1, 8, 7, 26, 22, 13, 21, 14, 9, 2, 3, 5, 0, 10]
2022-06-02 07:49:07,871 - accelerate_moves - DEBUG - 1276.505660631289 [12, 24, 29, 6, 19, 4, 27, 18, 17, 28, 15, 20, 25, 11, 23, 16, 1, 8, 7, 26, 22, 13, 21, 14, 9, 10, 0, 5, 3, 2]
2022-06-02 07:49:07,873 - accelerate_moves - DEBUG - 1173.9819562886828 [12, 24, 10, 9, 14, 21, 13, 22, 26, 7, 8, 1, 16, 23, 11, 25, 20, 15, 28, 17, 18, 27, 4, 19, 6, 29, 0, 5, 3, 2]
2022-06-02 07:49:07,874 - accelerate_moves - DEBUG - 1069.268096293493 [12, 24, 10, 9, 14, 21, 13, 22, 26, 7, 8, 1, 3, 5, 0, 29, 6, 19, 4, 27, 18, 17, 28, 15, 20, 25, 11, 23, 16, 2]
2022-06-02 07:49:07,875 - accelerate_moves - DEBUG - 993.6933003343285 [12, 24, 10, 9, 25, 20, 15, 28, 17, 18, 27, 4, 19, 6, 29, 0, 5, 3, 1, 8, 7, 26, 22, 13, 21, 14, 11, 23, 16, 2]
2022-06-02 07:49:07,877 - accelerate_moves - DEBUG - 936.455507224116 [12, 24, 10, 9, 25, 20, 15, 28, 17, 18, 27, 4, 19, 6, 21, 13, 22, 26, 7, 8, 1, 3, 5, 0, 29, 14, 11, 23, 16, 2]
2022-06-02 07:49:07,878 - accelerate_moves - DEBUG - 876.9873079305836 [12, 22, 13, 21, 6, 19, 4, 27, 18, 17, 28, 15, 20, 25, 9, 10, 24, 26, 7, 8, 1, 3, 5, 0, 29, 14, 11, 23, 16, 2]
2022-06-02 07:49:07,879 - accelerate_moves - DEBUG - 820.1786584602592 [12, 22, 13, 21, 6, 19, 4, 29, 0, 5, 3, 1, 8, 7, 26, 24, 10, 9, 25, 20, 15, 28, 17, 18, 27, 14, 11, 23, 16, 2]
2022-06-02 07:49:07,881 - accelerate_moves - DEBUG - 763.052675456726 [12, 22, 13, 21, 6, 19, 4, 29, 0, 5, 3, 1, 8, 7, 26, 24, 10, 9, 25, 20, 15, 11, 14, 27, 18, 17, 28, 23, 16, 2]
2022-06-02 07:49:07,882 - accelerate_moves - DEBUG - 711.9426155714707 [12, 22, 13, 16, 23, 28, 17, 18, 27, 14, 11, 15, 20, 25, 9, 10, 24, 26, 7, 8, 1, 3, 5, 0, 29, 4, 19, 6, 21, 2]
2022-06-02 07:49:07,883 - accelerate_moves - DEBUG - 669.0207914550095 [12, 22, 13, 16, 23, 28, 17, 18, 27, 5, 3, 1, 8, 7, 26, 24, 10, 9, 25, 20, 15, 11, 14, 0, 29, 4, 19, 6, 21, 2]
2022-06-02 07:49:07,885 - accelerate_moves - DEBUG - 633.0722777650782 [12, 23, 16, 13, 22, 28, 17, 18, 27, 5, 3, 1, 8, 7, 26, 24, 10, 9, 25, 20, 15, 11, 14, 0, 29, 4, 19, 6, 21, 2]
2022-06-02 07:49:07,886 - accelerate_moves - DEBUG - 598.0266335842864 [12, 23, 16, 13, 22, 28, 17, 5, 27, 18, 3, 1, 8, 7, 26, 24, 10, 9, 25, 20, 15, 11, 14, 0, 29, 4, 19, 6, 21, 2]
2022-06-02 07:49:07,887 - accelerate_moves - DEBUG - 564.6383764987561 [12, 23, 16, 13, 22, 28, 17, 5, 27, 18, 3, 1, 7, 8, 26, 24, 10, 9, 25, 20, 15, 11, 14, 0, 29, 4, 19, 6, 21, 2]
2022-06-02 07:49:07,889 - accelerate_moves - DEBUG - 544.184230620036 [12, 23, 16, 13, 22, 28, 25, 9, 10, 24, 26, 8, 7, 1, 3, 18, 27, 5, 17, 20, 15, 11, 14, 0, 29, 4, 19, 6, 21, 2]
2022-06-02 07:49:07,890 - accelerate_moves - DEBUG - 526.9998393903987 [12, 23, 16, 13, 22, 28, 26, 24, 10, 9, 25, 8, 7, 1, 3, 18, 27, 5, 17, 20, 15, 11, 14, 0, 29, 4, 19, 6, 21, 2]
2022-06-02 07:49:07,892 - accelerate_moves - DEBUG - 507.2183942887504 [12, 23, 16, 13, 22, 28, 26, 24, 10, 8, 25, 9, 7, 1, 3, 18, 27, 5, 17, 20, 15, 11, 14, 0, 29, 4, 19, 6, 21, 2]
2022-06-02 07:49:07,893 - accelerate_moves - DEBUG - 498.4403079888982 [12, 23, 16, 13, 22, 28, 26, 24, 10, 8, 25, 9, 7, 1, 3, 18, 27, 5, 17, 20, 15, 11, 0, 14, 29, 4, 19, 6, 21, 2]
2022-06-02 07:49:07,894 - accelerate_moves - DEBUG - 491.2894795504905 [12, 23, 16, 22, 13, 28, 26, 24, 10, 8, 25, 9, 7, 1, 3, 18, 27, 5, 17, 20, 15, 11, 0, 14, 29, 4, 19, 6, 21, 2]
2022-06-02 07:49:07,896 - accelerate_moves - DEBUG - 486.1533382355286 [12, 23, 16, 22, 13, 28, 26, 24, 10, 8, 25, 9, 7, 1, 3, 18, 5, 27, 17, 20, 15, 11, 0, 14, 29, 4, 19, 6, 21, 2]
2022-06-02 07:49:07,897 - accelerate_moves - DEBUG - 482.2977243934697 [12, 23, 16, 22, 13, 28, 26, 24, 8, 10, 25, 9, 7, 1, 3, 18, 5, 27, 17, 20, 15, 11, 0, 14, 29, 4, 19, 6, 21, 2]
2022-06-02 07:49:07,898 - accelerate_moves - DEBUG - 478.9053619648401 [12, 23, 16, 17, 27, 5, 18, 3, 1, 7, 9, 25, 10, 8, 24, 26, 28, 13, 22, 20, 15, 11, 0, 14, 29, 4, 19, 6, 21, 2]
2022-06-02 07:49:07,900 - accelerate_moves - DEBUG - 473.969393178578 [12, 23, 16, 17, 27, 5, 18, 3, 1, 7, 9, 25, 10, 8, 24, 26, 28, 13, 22, 11, 15, 20, 0, 14, 29, 4, 19, 6, 21, 2]
2022-06-02 07:49:07,901 - accelerate_moves - DEBUG - 468.3449781338893 [12, 23, 16, 17, 27, 5, 18, 3, 1, 7, 9, 25, 10, 8, 24, 26, 28, 13, 22, 15, 11, 20, 0, 14, 29, 4, 19, 6, 21, 2]
2022-06-02 07:49:07,902 - accelerate_moves - DEBUG - 465.3210959440172 [12, 23, 16, 17, 27, 5, 18, 1, 3, 7, 9, 25, 10, 8, 24, 26, 28, 13, 22, 15, 11, 20, 0, 14, 29, 4, 19, 6, 21, 2]
2022-06-02 07:49:07,904 - accelerate_moves - DEBUG - 445.9839409360211 [12, 23, 16, 17, 27, 5, 22, 13, 28, 26, 24, 8, 10, 25, 9, 7, 3, 1, 18, 15, 11, 20, 0, 14, 29, 4, 19, 6, 21, 2]
2022-06-02 07:49:07,905 - accelerate_moves - DEBUG - 443.1106214729808 [12, 23, 16, 17, 27, 5, 22, 13, 28, 26, 24, 8, 10, 25, 9, 7, 3, 1, 18, 15, 11, 20, 0, 14, 29, 19, 4, 6, 21, 2]
2022-06-02 07:49:07,906 - accelerate_moves - DEBUG - 443.1106214729808 [2, 21, 6, 4, 19, 29, 14, 0, 20, 11, 15, 18, 1, 3, 7, 9, 25, 10, 8, 24, 26, 28, 13, 22, 5, 27, 17, 16, 23, 12]
2022-06-02 07:49:07,908 - accelerate_moves - DEBUG - 443.11062147298094 [2, 12, 23, 16, 17, 27, 5, 22, 13, 28, 26, 24, 8, 10, 25, 9, 7, 3, 1, 18, 15, 11, 20, 0, 14, 29, 19, 4, 6, 21]
2022-06-02 07:49:07,909 - accelerate_moves - DEBUG - 443.1106214729808 [6, 4, 19, 29, 14, 0, 20, 11, 15, 18, 1, 3, 7, 9, 25, 10, 8, 24, 26, 28, 13, 22, 5, 27, 17, 16, 23, 12, 2, 21]
2022-06-02 07:49:07,911 - accelerate_moves - DEBUG - 444.17526591220144 [6, 4, 19, 29, 14, 0, 20, 11, 15, 18, 1, 3, 7, 9, 25, 10, 8, 24, 26, 28, 13, 22, 5, 27, 17, 16, 12, 23, 2, 21]
2022-06-02 07:49:07,912 - accelerate_moves - DEBUG - 445.771893167564 [6, 4, 19, 29, 14, 0, 20, 11, 15, 18, 1, 3, 7, 9, 25, 10, 8, 26, 24, 28, 13, 22, 5, 27, 17, 16, 12, 23, 2, 21]
2022-06-02 07:49:07,913 - accelerate_moves - DEBUG - 448.64521263060414 [6, 19, 4, 29, 14, 0, 20, 11, 15, 18, 1, 3, 7, 9, 25, 10, 8, 26, 24, 28, 13, 22, 5, 27, 17, 16, 12, 23, 2, 21]
2022-06-02 07:49:07,915 - accelerate_moves - DEBUG - 451.6690948204763 [6, 19, 4, 29, 14, 0, 20, 11, 15, 18, 3, 1, 7, 9, 25, 10, 8, 26, 24, 28, 13, 22, 5, 27, 17, 16, 12, 23, 2, 21]
2022-06-02 07:49:07,916 - accelerate_moves - DEBUG - 451.6844801507609 [6, 19, 4, 29, 14, 0, 20, 11, 15, 18, 7, 1, 3, 9, 25, 10, 8, 26, 24, 28, 13, 22, 5, 27, 17, 16, 12, 23, 2, 21]
2022-06-02 07:49:07,917 - accelerate_moves - DEBUG - 452.28069369192326 [6, 19, 4, 29, 14, 0, 20, 11, 15, 18, 7, 3, 1, 9, 25, 10, 8, 26, 24, 28, 13, 22, 5, 27, 17, 16, 12, 23, 2, 21]
2022-06-02 07:49:07,919 - accelerate_moves - DEBUG - 447.27923194609684 [6, 19, 4, 29, 14, 0, 20, 11, 15, 1, 3, 7, 18, 9, 25, 10, 8, 26, 24, 28, 13, 22, 5, 27, 17, 16, 12, 23, 2, 21]
2022-06-02 07:49:07,920 - accelerate_moves - DEBUG - 450.0324810382027 [6, 19, 4, 29, 14, 0, 20, 11, 15, 1, 3, 7, 9, 18, 25, 10, 8, 26, 24, 28, 13, 22, 5, 27, 17, 16, 12, 23, 2, 21]
2022-06-02 07:49:07,922 - accelerate_moves - DEBUG - 450.03248103820266 [21, 2, 23, 12, 16, 17, 27, 5, 22, 13, 28, 24, 26, 8, 10, 25, 18, 9, 7, 3, 1, 15, 11, 20, 0, 14, 29, 4, 19, 6]
2022-06-02 07:49:07,923 - accelerate_moves - DEBUG - 447.1591615751625 [21, 2, 23, 12, 16, 17, 27, 5, 22, 13, 28, 24, 26, 8, 10, 25, 18, 9, 7, 3, 1, 15, 11, 20, 0, 14, 29, 19, 4, 6]
2022-06-02 07:49:07,924 - accelerate_moves - DEBUG - 444.40591248305657 [21, 2, 23, 12, 16, 17, 27, 5, 22, 13, 28, 24, 26, 8, 10, 25, 9, 18, 7, 3, 1, 15, 11, 20, 0, 14, 29, 19, 4, 6]
2022-06-02 07:49:07,926 - accelerate_moves - DEBUG - 443.34126804383607 [21, 2, 12, 23, 16, 17, 27, 5, 22, 13, 28, 24, 26, 8, 10, 25, 9, 18, 7, 3, 1, 15, 11, 20, 0, 14, 29, 19, 4, 6]
2022-06-02 07:49:07,927 - accelerate_moves - DEBUG - 443.34126804383607 [21, 6, 4, 19, 29, 14, 0, 20, 11, 15, 1, 3, 7, 18, 9, 25, 10, 8, 26, 24, 28, 13, 22, 5, 27, 17, 16, 23, 12, 2]
2022-06-02 07:49:07,928 - accelerate_moves - DEBUG - 441.7446407884737 [21, 6, 4, 19, 29, 14, 0, 20, 11, 15, 1, 3, 7, 18, 9, 25, 10, 8, 24, 26, 28, 13, 22, 5, 27, 17, 16, 23, 12, 2]
2022-06-02 07:49:07,930 - accelerate_moves - DEBUG - 441.74464078847365 [12, 23, 16, 17, 27, 5, 22, 13, 28, 26, 24, 8, 10, 25, 9, 18, 7, 3, 1, 15, 11, 20, 0, 14, 29, 19, 4, 6, 21, 2]
2022-06-02 07:49:07,931 - accelerate_moves - DEBUG - 442.8092852276941 [12, 23, 2, 21, 6, 4, 19, 29, 14, 0, 20, 11, 15, 1, 3, 7, 18, 9, 25, 10, 8, 24, 26, 28, 13, 22, 5, 27, 17, 16]
2022-06-02 07:49:07,932 - accelerate_moves - DEBUG - 441.74464078847353 [23, 12, 2, 21, 6, 4, 19, 29, 14, 0, 20, 11, 15, 1, 3, 7, 18, 9, 25, 10, 8, 24, 26, 28, 13, 22, 5, 27, 17, 16]
2022-06-02 07:49:07,934 - accelerate_moves - DEBUG - 443.3412680438361 [23, 12, 2, 21, 6, 4, 19, 29, 14, 0, 20, 11, 15, 1, 3, 7, 18, 9, 25, 10, 8, 26, 24, 28, 13, 22, 5, 27, 17, 16]
2022-06-02 07:49:07,935 - accelerate_moves - DEBUG - 446.2145875068762 [23, 12, 2, 21, 6, 19, 4, 29, 14, 0, 20, 11, 15, 1, 3, 7, 18, 9, 25, 10, 8, 26, 24, 28, 13, 22, 5, 27, 17, 16]
2022-06-02 07:49:07,936 - accelerate_moves - DEBUG - 446.21458750687617 [16, 17, 27, 5, 22, 13, 28, 24, 26, 8, 10, 25, 9, 18, 7, 3, 1, 15, 11, 20, 0, 14, 29, 4, 19, 6, 21, 2, 12, 23]
2022-06-02 07:49:07,938 - accelerate_moves - DEBUG - 443.341268043836 [16, 17, 27, 5, 22, 13, 28, 24, 26, 8, 10, 25, 9, 18, 7, 3, 1, 15, 11, 20, 0, 14, 29, 19, 4, 6, 21, 2, 12, 23]
2022-06-02 07:49:07,939 - accelerate_moves - DEBUG - 441.7446407884736 [16, 17, 27, 5, 22, 13, 28, 26, 24, 8, 10, 25, 9, 18, 7, 3, 1, 15, 11, 20, 0, 14, 29, 19, 4, 6, 21, 2, 12, 23]
2022-06-02 07:49:07,940 - accelerate_moves - DEBUG - 442.8092852276941 [2, 21, 6, 4, 19, 29, 14, 0, 20, 11, 15, 1, 3, 7, 18, 9, 25, 10, 8, 24, 26, 28, 13, 22, 5, 27, 17, 16, 12, 23]
2022-06-02 07:49:07,942 - accelerate_moves - DEBUG - 441.74464078847365 [2, 21, 6, 4, 19, 29, 14, 0, 20, 11, 15, 1, 3, 7, 18, 9, 25, 10, 8, 24, 26, 28, 13, 22, 5, 27, 17, 16, 23, 12]
2022-06-02 07:49:07,943 - accelerate_moves - DEBUG - 441.7446407884736 [2, 12, 23, 16, 17, 27, 5, 22, 13, 28, 26, 24, 8, 10, 25, 9, 18, 7, 3, 1, 15, 11, 20, 0, 14, 29, 19, 4, 6, 21]
2022-06-02 07:49:07,945 - accelerate_moves - DEBUG - 441.7446407884736 [6, 4, 19, 29, 14, 0, 20, 11, 15, 1, 3, 7, 18, 9, 25, 10, 8, 24, 26, 28, 13, 22, 5, 27, 17, 16, 23, 12, 2, 21]
2022-06-02 07:49:07,946 - accelerate_moves - DEBUG - 442.8092852276942 [6, 4, 19, 29, 14, 0, 20, 11, 15, 1, 3, 7, 18, 9, 25, 10, 8, 24, 26, 28, 13, 22, 5, 27, 17, 16, 12, 23, 2, 21]
2022-06-02 07:49:07,947 - accelerate_moves - DEBUG - 444.40591248305674 [6, 4, 19, 29, 14, 0, 20, 11, 15, 1, 3, 7, 18, 9, 25, 10, 8, 26, 24, 28, 13, 22, 5, 27, 17, 16, 12, 23, 2, 21]
2022-06-02 07:49:07,949 - accelerate_moves - DEBUG - 447.15916157516267 [6, 4, 19, 29, 14, 0, 20, 11, 15, 1, 3, 7, 9, 18, 25, 10, 8, 26, 24, 28, 13, 22, 5, 27, 17, 16, 12, 23, 2, 21]
2022-06-02 07:49:07,950 - accelerate_moves - DEBUG - 450.0324810382028 [6, 19, 4, 29, 14, 0, 20, 11, 15, 1, 3, 7, 9, 18, 25, 10, 8, 26, 24, 28, 13, 22, 5, 27, 17, 16, 12, 23, 2, 21]
2022-06-02 07:49:07,951 - accelerate_moves - DEBUG - 450.03248103820266 [21, 2, 23, 12, 16, 17, 27, 5, 22, 13, 28, 24, 26, 8, 10, 25, 18, 9, 7, 3, 1, 15, 11, 20, 0, 14, 29, 4, 19, 6]
2022-06-02 07:49:07,953 - accelerate_moves - DEBUG - 447.1591615751625 [21, 2, 23, 12, 16, 17, 27, 5, 22, 13, 28, 24, 26, 8, 10, 25, 18, 9, 7, 3, 1, 15, 11, 20, 0, 14, 29, 19, 4, 6]
2022-06-02 07:49:07,954 - accelerate_moves - DEBUG - 444.40591248305657 [21, 2, 23, 12, 16, 17, 27, 5, 22, 13, 28, 24, 26, 8, 10, 25, 9, 18, 7, 3, 1, 15, 11, 20, 0, 14, 29, 19, 4, 6]
2022-06-02 07:49:07,955 - accelerate_moves - DEBUG - 442.8092852276941 [21, 2, 23, 12, 16, 17, 27, 5, 22, 13, 28, 26, 24, 8, 10, 25, 9, 18, 7, 3, 1, 15, 11, 20, 0, 14, 29, 19, 4, 6]
2022-06-02 07:49:07,957 - accelerate_moves - DEBUG - 441.7446407884736 [21, 2, 12, 23, 16, 17, 27, 5, 22, 13, 28, 26, 24, 8, 10, 25, 9, 18, 7, 3, 1, 15, 11, 20, 0, 14, 29, 19, 4, 6]
2022-06-02 07:49:07,958 - accelerate_moves - DEBUG - 441.7446407884736 [21, 6, 4, 19, 29, 14, 0, 20, 11, 15, 1, 3, 7, 18, 9, 25, 10, 8, 24, 26, 28, 13, 22, 5, 27, 17, 16, 23, 12, 2]
2022-06-02 07:49:07,959 - accelerate_moves - DEBUG - 441.74464078847365 [12, 23, 16, 17, 27, 5, 22, 13, 28, 26, 24, 8, 10, 25, 9, 18, 7, 3, 1, 15, 11, 20, 0, 14, 29, 19, 4, 6, 21, 2]
2022-06-02 07:49:07,961 - accelerate_moves - DEBUG - 442.8092852276941 [12, 23, 2, 21, 6, 4, 19, 29, 14, 0, 20, 11, 15, 1, 3, 7, 18, 9, 25, 10, 8, 24, 26, 28, 13, 22, 5, 27, 17, 16]
2022-06-02 07:49:07,962 - accelerate_moves - DEBUG - 441.74464078847353 [23, 12, 2, 21, 6, 4, 19, 29, 14, 0, 20, 11, 15, 1, 3, 7, 18, 9, 25, 10, 8, 24, 26, 28, 13, 22, 5, 27, 17, 16]
2022-06-02 07:49:07,963 - accelerate_moves - DEBUG - 443.3412680438361 [23, 12, 2, 21, 6, 4, 19, 29, 14, 0, 20, 11, 15, 1, 3, 7, 18, 9, 25, 10, 8, 26, 24, 28, 13, 22, 5, 27, 17, 16]
2022-06-02 07:49:07,965 - accelerate_moves - DEBUG - 446.2145875068762 [23, 12, 2, 21, 6, 19, 4, 29, 14, 0, 20, 11, 15, 1, 3, 7, 18, 9, 25, 10, 8, 26, 24, 28, 13, 22, 5, 27, 17, 16]
2022-06-02 07:49:07,966 - accelerate_moves - DEBUG - 446.21458750687617 [16, 17, 27, 5, 22, 13, 28, 24, 26, 8, 10, 25, 9, 18, 7, 3, 1, 15, 11, 20, 0, 14, 29, 4, 19, 6, 21, 2, 12, 23]
2022-06-02 07:49:07,968 - accelerate_moves - DEBUG - 443.341268043836 [16, 17, 27, 5, 22, 13, 28, 24, 26, 8, 10, 25, 9, 18, 7, 3, 1, 15, 11, 20, 0, 14, 29, 19, 4, 6, 21, 2, 12, 23]
2022-06-02 07:49:07,969 - accelerate_moves - DEBUG - 441.7446407884736 [16, 17, 27, 5, 22, 13, 28, 26, 24, 8, 10, 25, 9, 18, 7, 3, 1, 15, 11, 20, 0, 14, 29, 19, 4, 6, 21, 2, 12, 23]
2022-06-02 07:49:07,970 - accelerate_moves - DEBUG - 442.8092852276941 [2, 21, 6, 4, 19, 29, 14, 0, 20, 11, 15, 1, 3, 7, 18, 9, 25, 10, 8, 24, 26, 28, 13, 22, 5, 27, 17, 16, 12, 23]
2022-06-02 07:49:07,972 - accelerate_moves - DEBUG - 441.74464078847365 [2, 21, 6, 4, 19, 29, 14, 0, 20, 11, 15, 1, 3, 7, 18, 9, 25, 10, 8, 24, 26, 28, 13, 22, 5, 27, 17, 16, 23, 12]
2022-06-02 07:49:07,973 - accelerate_moves - DEBUG - 441.7446407884736 [2, 12, 23, 16, 17, 27, 5, 22, 13, 28, 26, 24, 8, 10, 25, 9, 18, 7, 3, 1, 15, 11, 20, 0, 14, 29, 19, 4, 6, 21]
2022-06-02 07:49:07,974 - accelerate_moves - DEBUG - 441.7446407884736 [6, 4, 19, 29, 14, 0, 20, 11, 15, 1, 3, 7, 18, 9, 25, 10, 8, 24, 26, 28, 13, 22, 5, 27, 17, 16, 23, 12, 2, 21]
2022-06-02 07:49:07,976 - accelerate_moves - DEBUG - 442.8092852276942 [6, 4, 19, 29, 14, 0, 20, 11, 15, 1, 3, 7, 18, 9, 25, 10, 8, 24, 26, 28, 13, 22, 5, 27, 17, 16, 12, 23, 2, 21]
2022-06-02 07:49:07,977 - accelerate_moves - DEBUG - 444.40591248305674 [6, 4, 19, 29, 14, 0, 20, 11, 15, 1, 3, 7, 18, 9, 25, 10, 8, 26, 24, 28, 13, 22, 5, 27, 17, 16, 12, 23, 2, 21]
2022-06-02 07:49:07,978 - accelerate_moves - DEBUG - 447.15916157516267 [6, 4, 19, 29, 14, 0, 20, 11, 15, 1, 3, 7, 9, 18, 25, 10, 8, 26, 24, 28, 13, 22, 5, 27, 17, 16, 12, 23, 2, 21]
2022-06-02 07:49:07,980 - accelerate_moves - DEBUG - 450.0324810382028 [6, 19, 4, 29, 14, 0, 20, 11, 15, 1, 3, 7, 9, 18, 25, 10, 8, 26, 24, 28, 13, 22, 5, 27, 17, 16, 12, 23, 2, 21]
2022-06-02 07:49:07,981 - accelerate_moves - DEBUG - 450.03248103820266 [21, 2, 23, 12, 16, 17, 27, 5, 22, 13, 28, 24, 26, 8, 10, 25, 18, 9, 7, 3, 1, 15, 11, 20, 0, 14, 29, 4, 19, 6]
2022-06-02 07:49:07,982 - accelerate_moves - DEBUG - 447.1591615751625 [21, 2, 23, 12, 16, 17, 27, 5, 22, 13, 28, 24, 26, 8, 10, 25, 18, 9, 7, 3, 1, 15, 11, 20, 0, 14, 29, 19, 4, 6]
2022-06-02 07:49:07,984 - accelerate_moves - DEBUG - 444.40591248305657 [21, 2, 23, 12, 16, 17, 27, 5, 22, 13, 28, 24, 26, 8, 10, 25, 9, 18, 7, 3, 1, 15, 11, 20, 0, 14, 29, 19, 4, 6]
2022-06-02 07:49:07,985 - accelerate_moves - DEBUG - 442.8092852276941 [21, 2, 23, 12, 16, 17, 27, 5, 22, 13, 28, 26, 24, 8, 10, 25, 9, 18, 7, 3, 1, 15, 11, 20, 0, 14, 29, 19, 4, 6]
