2022-06-02 07:49:07,993 - stagnation - DEBUG - 1536.886007947223 [12, 24, 29, 6, 19, 27, 4, 18, 17, 28, 15, 20, 25, 11, 23, 16, 1, 8, 7, 26, 22, 13, 21, 14, 9, 2, 3, 5, 0, 10]
2022-06-02 07:49:07,997 - stagnation - DEBUG - 1392.6718940464934 [12, 24, 29, 6, 19, 4, 27, 18, 17, 28, 15, 20, 25, 11, 23, 16, 1, 8, 7, 26, 22, 13, 21, 14, 9, 2, 3, 5, 0, 10]
2022-06-02 07:49:08,001 - stagnation - DEBUG - 1276.505660631289 [9, 14, 21, 13, 22, 26, 7, 8, 1, 16, 23, 11, 25, 20, 15, 28, 17, 18, 27, 4, 19, 6, 29, 24, 12, 2, 3, 5, 0, 10]
2022-06-02 07:49:08,006 - stagnation - DEBUG - 1173.9819562886828 [9, 14, 21, 13, 22, 26, 7, 8, 1, 16, 23, 11, 25, 20, 15, 28, 17, 18, 27, 4, 19, 6, 29, 0, 5, 3, 2, 12, 24, 10]
2022-06-02 07:49:08,011 - stagnation - DEBUG - 1069.268096293493 [9, 14, 21, 13, 22, 26, 7, 8, 1, 3, 5, 0, 29, 6, 19, 4, 27, 18, 17, 28, 15, 20, 25, 11, 23, 16, 2, 12, 24, 10]
2022-06-02 07:49:08,017 - stagnation - DEBUG - 993.6933003343281 [9, 25, 20, 15, 28, 17, 18, 27, 4, 19, 6, 29, 0, 5, 3, 1, 8, 7, 26, 22, 13, 21, 14, 11, 23, 16, 2, 12, 24, 10]
2022-06-02 07:49:08,023 - stagnation - DEBUG - 936.4555072241162 [9, 25, 20, 15, 28, 17, 18, 27, 4, 19, 6, 21, 13, 22, 26, 7, 8, 1, 3, 5, 0, 29, 14, 11, 23, 16, 2, 12, 24, 10]
2022-06-02 07:49:08,030 - stagnation - DEBUG - 876.9873079305837 [9, 25, 20, 15, 28, 17, 18, 27, 4, 19, 6, 21, 13, 22, 12, 2, 16, 23, 11, 14, 29, 0, 5, 3, 1, 8, 7, 26, 24, 10]
2022-06-02 07:49:08,037 - stagnation - DEBUG - 820.1786584602592 [9, 25, 20, 15, 28, 17, 18, 27, 14, 11, 23, 16, 2, 12, 22, 13, 21, 6, 19, 4, 29, 0, 5, 3, 1, 8, 7, 26, 24, 10]
2022-06-02 07:49:08,045 - stagnation - DEBUG - 763.0526754567256 [9, 25, 20, 15, 11, 14, 27, 18, 17, 28, 23, 16, 2, 12, 22, 13, 21, 6, 19, 4, 29, 0, 5, 3, 1, 8, 7, 26, 24, 10]
2022-06-02 07:49:08,053 - stagnation - DEBUG - 711.9426155714702 [9, 25, 20, 15, 11, 14, 27, 18, 17, 28, 23, 16, 13, 22, 12, 2, 21, 6, 19, 4, 29, 0, 5, 3, 1, 8, 7, 26, 24, 10]
2022-06-02 07:49:08,061 - stagnation - DEBUG - 669.0207914550094 [9, 25, 20, 15, 11, 14, 0, 29, 4, 19, 6, 21, 2, 12, 22, 13, 16, 23, 28, 17, 18, 27, 5, 3, 1, 8, 7, 26, 24, 10]
2022-06-02 07:49:08,069 - stagnation - DEBUG - 633.072277765078 [9, 25, 20, 15, 11, 14, 0, 29, 4, 19, 6, 21, 2, 12, 23, 16, 13, 22, 28, 17, 18, 27, 5, 3, 1, 8, 7, 26, 24, 10]
2022-06-02 07:49:08,077 - stagnation - DEBUG - 598.0266335842862 [9, 25, 20, 15, 11, 14, 0, 29, 4, 19, 6, 21, 2, 12, 23, 16, 13, 22, 28, 17, 5, 27, 18, 3, 1, 8, 7, 26, 24, 10]
2022-06-02 07:49:08,085 - stagnation - DEBUG - 564.638376498756 [9, 25, 20, 15, 11, 14, 0, 29, 4, 19, 6, 21, 2, 12, 23, 16, 13, 22, 28, 17, 5, 27, 18, 3, 1, 7, 8, 26, 24, 10]
2022-06-02 07:49:08,093 - stagnation - DEBUG - 544.1842306200359 [9, 25, 28, 22, 13, 16, 23, 12, 2, 21, 6, 19, 4, 29, 0, 14, 11, 15, 20, 17, 5, 27, 18, 3, 1, 7, 8, 26, 24, 10]
2022-06-02 07:49:08,101 - stagnation - DEBUG - 526.9998393903986 [9, 25, 8, 7, 1, 3, 18, 27, 5, 17, 20, 15, 11, 14, 0, 29, 4, 19, 6, 21, 2, 12, 23, 16, 13, 22, 28, 26, 24, 10]
2022-06-02 07:49:08,109 - stagnation - DEBUG - 507.2183942887504 [8, 25, 9, 7, 1, 3, 18, 27, 5, 17, 20, 15, 11, 14, 0, 29, 4, 19, 6, 21, 2, 12, 23, 16, 13, 22, 28, 26, 24, 10]
2022-06-02 07:49:08,117 - stagnation - DEBUG - 498.44030798889816 [8, 25, 9, 7, 1, 3, 18, 27, 5, 17, 20, 15, 11, 0, 14, 29, 4, 19, 6, 21, 2, 12, 23, 16, 13, 22, 28, 26, 24, 10]
2022-06-02 07:49:08,126 - stagnation - DEBUG - 491.2894795504904 [8, 25, 9, 7, 1, 3, 18, 27, 5, 17, 20, 15, 11, 0, 14, 29, 4, 19, 6, 21, 2, 12, 23, 16, 22, 13, 28, 26, 24, 10]
2022-06-02 07:49:08,134 - stagnation - DEBUG - 486.1533382355284 [8, 25, 9, 7, 1, 3, 18, 5, 27, 17, 20, 15, 11, 0, 14, 29, 4, 19, 6, 21, 2, 12, 23, 16, 22, 13, 28, 26, 24, 10]
2022-06-02 07:49:08,142 - stagnation - DEBUG - 482.29772439346954 [8, 24, 26, 28, 13, 22, 16, 23, 12, 2, 21, 6, 19, 4, 29, 14, 0, 11, 15, 20, 17, 27, 5, 18, 3, 1, 7, 9, 25, 10]
2022-06-02 07:49:08,150 - stagnation - DEBUG - 478.90536196484004 [8, 24, 26, 28, 13, 22, 20, 15, 11, 0, 14, 29, 4, 19, 6, 21, 2, 12, 23, 16, 17, 27, 5, 18, 3, 1, 7, 9, 25, 10]
2022-06-02 07:49:08,158 - stagnation - DEBUG - 465.8724461484394 [8, 24, 26, 28, 13, 22, 5, 27, 17, 16, 23, 12, 2, 21, 6, 19, 4, 29, 14, 0, 11, 15, 20, 18, 3, 1, 7, 9, 25, 10]
2022-06-02 07:49:08,166 - stagnation - DEBUG - 457.0541511608477 [8, 24, 26, 28, 13, 22, 5, 27, 17, 16, 23, 12, 2, 21, 6, 19, 4, 29, 14, 0, 11, 20, 15, 18, 3, 1, 7, 9, 25, 10]
2022-06-02 07:49:08,174 - stagnation - DEBUG - 449.0078231258932 [8, 24, 26, 28, 13, 22, 5, 27, 17, 16, 23, 12, 2, 21, 6, 19, 4, 29, 14, 0, 20, 11, 15, 18, 3, 1, 7, 9, 25, 10]
2022-06-02 07:49:08,182 - stagnation - DEBUG - 445.98394093602093 [8, 24, 26, 28, 13, 22, 5, 27, 17, 16, 23, 12, 2, 21, 6, 19, 4, 29, 14, 0, 20, 11, 15, 18, 1, 3, 7, 9, 25, 10]
2022-06-02 07:49:08,190 - stagnation - DEBUG - 443.1106214729808 [8, 24, 26, 28, 13, 22, 5, 27, 17, 16, 23, 12, 2, 21, 6, 4, 19, 29, 14, 0, 20, 11, 15, 18, 1, 3, 7, 9, 25, 10]
2022-06-02 07:49:08,198 - stagnation - DEBUG - 443.1106214729808 [25, 9, 7, 3, 1, 18, 15, 11, 20, 0, 14, 29, 19, 4, 6, 21, 2, 12, 23, 16, 17, 27, 5, 22, 13, 28, 26, 24, 8, 10]
2022-06-02 07:49:08,206 - stagnation - DEBUG - 443.1106214729809 [10, 8, 24, 26, 28, 13, 22, 5, 27, 17, 16, 23, 12, 2, 21, 6, 4, 19, 29, 14, 0, 20, 11, 15, 18, 1, 3, 7, 9, 25]
2022-06-02 07:49:08,214 - stagnation - DEBUG - 443.1106214729809 [9, 7, 3, 1, 18, 15, 11, 20, 0, 14, 29, 19, 4, 6, 21, 2, 12, 23, 16, 17, 27, 5, 22, 13, 28, 26, 24, 8, 10, 25]
2022-06-02 07:49:08,223 - stagnation - DEBUG - 443.1106214729809 [25, 10, 8, 24, 26, 28, 13, 22, 5, 27, 17, 16, 23, 12, 2, 21, 6, 4, 19, 29, 14, 0, 20, 11, 15, 18, 1, 3, 7, 9]
2022-06-02 07:49:08,231 - stagnation - DEBUG - 443.1106214729809 [7, 3, 1, 18, 15, 11, 20, 0, 14, 29, 19, 4, 6, 21, 2, 12, 23, 16, 17, 27, 5, 22, 13, 28, 26, 24, 8, 10, 25, 9]
2022-06-02 07:49:08,239 - stagnation - DEBUG - 443.1106214729808 [9, 25, 10, 8, 24, 26, 28, 13, 22, 5, 27, 17, 16, 23, 12, 2, 21, 6, 4, 19, 29, 14, 0, 20, 11, 15, 18, 1, 3, 7]
2022-06-02 07:49:08,247 - stagnation - DEBUG - 443.1106214729809 [3, 1, 18, 15, 11, 20, 0, 14, 29, 19, 4, 6, 21, 2, 12, 23, 16, 17, 27, 5, 22, 13, 28, 26, 24, 8, 10, 25, 9, 7]
2022-06-02 07:49:08,255 - stagnation - DEBUG - 443.1106214729808 [7, 9, 25, 10, 8, 24, 26, 28, 13, 22, 5, 27, 17, 16, 23, 12, 2, 21, 6, 4, 19, 29, 14, 0, 20, 11, 15, 18, 1, 3]
2022-06-02 07:49:08,263 - stagnation - DEBUG - 443.1106214729808 [1, 18, 15, 11, 20, 0, 14, 29, 19, 4, 6, 21, 2, 12, 23, 16, 17, 27, 5, 22, 13, 28, 26, 24, 8, 10, 25, 9, 7, 3]
2022-06-02 07:49:08,271 - stagnation - DEBUG - 443.1106214729808 [3, 7, 9, 25, 10, 8, 24, 26, 28, 13, 22, 5, 27, 17, 16, 23, 12, 2, 21, 6, 4, 19, 29, 14, 0, 20, 11, 15, 18, 1]
2022-06-02 07:49:08,279 - stagnation - DEBUG - 443.1106214729809 [18, 15, 11, 20, 0, 14, 29, 19, 4, 6, 21, 2, 12, 23, 16, 17, 27, 5, 22, 13, 28, 26, 24, 8, 10, 25, 9, 7, 3, 1]
2022-06-02 07:49:08,287 - stagnation - DEBUG - 443.11062147298094 [1, 3, 7, 9, 25, 10, 8, 24, 26, 28, 13, 22, 5, 27, 17, 16, 23, 12, 2, 21, 6, 4, 19, 29, 14, 0, 20, 11, 15, 18]
2022-06-02 07:49:08,295 - stagnation - DEBUG - 443.11062147298094 [15, 11, 20, 0, 14, 29, 19, 4, 6, 21, 2, 12, 23, 16, 17, 27, 5, 22, 13, 28, 26, 24, 8, 10, 25, 9, 7, 3, 1, 18]
2022-06-02 07:49:08,303 - stagnation - DEBUG - 443.1106214729809 [18, 1, 3, 7, 9, 25, 10, 8, 24, 26, 28, 13, 22, 5, 27, 17, 16, 23, 12, 2, 21, 6, 4, 19, 29, 14, 0, 20, 11, 15]
2022-06-02 07:49:08,311 - stagnation - DEBUG - 443.11062147298094 [11, 20, 0, 14, 29, 19, 4, 6, 21, 2, 12, 23, 16, 17, 27, 5, 22, 13, 28, 26, 24, 8, 10, 25, 9, 7, 3, 1, 18, 15]
2022-06-02 07:49:08,319 - stagnation - DEBUG - 443.1106214729809 [15, 18, 1, 3, 7, 9, 25, 10, 8, 24, 26, 28, 13, 22, 5, 27, 17, 16, 23, 12, 2, 21, 6, 4, 19, 29, 14, 0, 20, 11]
2022-06-02 07:49:08,327 - stagnation - DEBUG - 443.11062147298094 [20, 0, 14, 29, 19, 4, 6, 21, 2, 12, 23, 16, 17, 27, 5, 22, 13, 28, 26, 24, 8, 10, 25, 9, 7, 3, 1, 18, 15, 11]
2022-06-02 07:49:08,336 - stagnation - DEBUG - 443.1106214729809 [11, 15, 18, 1, 3, 7, 9, 25, 10, 8, 24, 26, 28, 13, 22, 5, 27, 17, 16, 23, 12, 2, 21, 6, 4, 19, 29, 14, 0, 20]
2022-06-02 07:49:08,344 - stagnation - DEBUG - 443.11062147298094 [0, 14, 29, 19, 4, 6, 21, 2, 12, 23, 16, 17, 27, 5, 22, 13, 28, 26, 24, 8, 10, 25, 9, 7, 3, 1, 18, 15, 11, 20]
2022-06-02 07:49:08,352 - stagnation - DEBUG - 443.1106214729809 [20, 11, 15, 18, 1, 3, 7, 9, 25, 10, 8, 24, 26, 28, 13, 22, 5, 27, 17, 16, 23, 12, 2, 21, 6, 4, 19, 29, 14, 0]
2022-06-02 07:49:08,360 - stagnation - DEBUG - 443.1106214729809 [14, 29, 19, 4, 6, 21, 2, 12, 23, 16, 17, 27, 5, 22, 13, 28, 26, 24, 8, 10, 25, 9, 7, 3, 1, 18, 15, 11, 20, 0]
2022-06-02 07:49:08,368 - stagnation - DEBUG - 443.1106214729808 [0, 20, 11, 15, 18, 1, 3, 7, 9, 25, 10, 8, 24, 26, 28, 13, 22, 5, 27, 17, 16, 23, 12, 2, 21, 6, 4, 19, 29, 14]
2022-06-02 07:49:08,376 - stagnation - DEBUG - 443.1106214729809 [29, 19, 4, 6, 21, 2, 12, 23, 16, 17, 27, 5, 22, 13, 28, 26, 24, 8, 10, 25, 9, 7, 3, 1, 18, 15, 11, 20, 0, 14]
2022-06-02 07:49:08,384 - stagnation - DEBUG - 443.1106214729808 [14, 0, 20, 11, 15, 18, 1, 3, 7, 9, 25, 10, 8, 24, 26, 28, 13, 22, 5, 27, 17, 16, 23, 12, 2, 21, 6, 4, 19, 29]
2022-06-02 07:49:08,392 - stagnation - DEBUG - 443.1106214729809 [19, 4, 6, 21, 2, 12, 23, 16, 17, 27, 5, 22, 13, 28, 26, 24, 8, 10, 25, 9, 7, 3, 1, 18, 15, 11, 20, 0, 14, 29]
2022-06-02 07:49:08,400 - stagnation - DEBUG - 443.11062147298077 [29, 14, 0, 20, 11, 15, 18, 1, 3, 7, 9, 25, 10, 8, 24, 26, 28, 13, 22, 5, 27, 17, 16, 23, 12, 2, 21, 6, 4, 19]
2022-06-02 07:49:08,408 - stagnation - DEBUG - 443.110621472981 [4, 6, 21, 2, 12, 23, 16, 17, 27, 5, 22, 13, 28, 26, 24, 8, 10, 25, 9, 7, 3, 1, 18, 15, 11, 20, 0, 14, 29, 19]
2022-06-02 07:49:08,416 - stagnation - DEBUG - 443.11062147298077 [19, 29, 14, 0, 20, 11, 15, 18, 1, 3, 7, 9, 25, 10, 8, 24, 26, 28, 13, 22, 5, 27, 17, 16, 23, 12, 2, 21, 6, 4]
2022-06-02 07:49:08,424 - stagnation - DEBUG - 443.110621472981 [6, 21, 2, 12, 23, 16, 17, 27, 5, 22, 13, 28, 26, 24, 8, 10, 25, 9, 7, 3, 1, 18, 15, 11, 20, 0, 14, 29, 19, 4]
2022-06-02 07:49:08,432 - stagnation - DEBUG - 443.1106214729809 [4, 19, 29, 14, 0, 20, 11, 15, 18, 1, 3, 7, 9, 25, 10, 8, 24, 26, 28, 13, 22, 5, 27, 17, 16, 23, 12, 2, 21, 6]
2022-06-02 07:49:08,440 - stagnation - DEBUG - 443.110621472981 [21, 2, 12, 23, 16, 17, 27, 5, 22, 13, 28, 26, 24, 8, 10, 25, 9, 7, 3, 1, 18, 15, 11, 20, 0, 14, 29, 19, 4, 6]
2022-06-02 07:49:08,449 - stagnation - DEBUG - 443.1106214729808 [21, 6, 4, 19, 29, 14, 0, 20, 11, 15, 18, 1, 3, 7, 9, 25, 10, 8, 24, 26, 28, 13, 22, 5, 27, 17, 16, 23, 12, 2]
2022-06-02 07:49:08,457 - stagnation - DEBUG - 443.11062147298094 [12, 23, 16, 17, 27, 5, 22, 13, 28, 26, 24, 8, 10, 25, 9, 7, 3, 1, 18, 15, 11, 20, 0, 14, 29, 19, 4, 6, 21, 2]
2022-06-02 07:49:08,465 - stagnation - DEBUG - 443.1106214729808 [2, 21, 6, 4, 19, 29, 14, 0, 20, 11, 15, 18, 1, 3, 7, 9, 25, 10, 8, 24, 26, 28, 13, 22, 5, 27, 17, 16, 23, 12]
2022-06-02 07:49:08,473 - stagnation - DEBUG - 443.11062147298094 [23, 16, 17, 27, 5, 22, 13, 28, 26, 24, 8, 10, 25, 9, 7, 3, 1, 18, 15, 11, 20, 0, 14, 29, 19, 4, 6, 21, 2, 12]
2022-06-02 07:49:08,481 - stagnation - DEBUG - 443.1106214729809 [12, 2, 21, 6, 4, 19, 29, 14, 0, 20, 11, 15, 18, 1, 3, 7, 9, 25, 10, 8, 24, 26, 28, 13, 22, 5, 27, 17, 16, 23]
2022-06-02 07:49:08,489 - stagnation - DEBUG - 443.110621472981 [16, 17, 27, 5, 22, 13, 28, 26, 24, 8, 10, 25, 9, 7, 3, 1, 18, 15, 11, 20, 0, 14, 29, 19, 4, 6, 21, 2, 12, 23]
2022-06-02 07:49:08,497 - stagnation - DEBUG - 443.1106214729809 [23, 12, 2, 21, 6, 4, 19, 29, 14, 0, 20, 11, 15, 18, 1, 3, 7, 9, 25, 10, 8, 24, 26, 28, 13, 22, 5, 27, 17, 16]
2022-06-02 07:49:08,505 - stagnation - DEBUG - 443.11062147298094 [17, 27, 5, 22, 13, 28, 26, 24, 8, 10, 25, 9, 7, 3, 1, 18, 15, 11, 20, 0, 14, 29, 19, 4, 6, 21, 2, 12, 23, 16]
2022-06-02 07:49:08,513 - stagnation - DEBUG - 443.1106214729809 [17, 16, 23, 12, 2, 21, 6, 4, 19, 29, 14, 0, 20, 11, 15, 18, 1, 3, 7, 9, 25, 10, 8, 24, 26, 28, 13, 22, 5, 27]
2022-06-02 07:49:08,521 - stagnation - DEBUG - 443.1106214729809 [5, 22, 13, 28, 26, 24, 8, 10, 25, 9, 7, 3, 1, 18, 15, 11, 20, 0, 14, 29, 19, 4, 6, 21, 2, 12, 23, 16, 17, 27]
2022-06-02 07:49:08,529 - stagnation - DEBUG - 443.11062147298094 [27, 17, 16, 23, 12, 2, 21, 6, 4, 19, 29, 14, 0, 20, 11, 15, 18, 1, 3, 7, 9, 25, 10, 8, 24, 26, 28, 13, 22, 5]
2022-06-02 07:49:08,537 - stagnation - DEBUG - 443.1106214729808 [22, 13, 28, 26, 24, 8, 10, 25, 9, 7, 3, 1, 18, 15, 11, 20, 0, 14, 29, 19, 4, 6, 21, 2, 12, 23, 16, 17, 27, 5]
2022-06-02 07:49:08,545 - stagnation - DEBUG - 443.1106214729809 [5, 27, 17, 16, 23, 12, 2, 21, 6, 4, 19, 29, 14, 0, 20, 11, 15, 18, 1, 3, 7, 9, 25, 10, 8, 24, 26, 28, 13, 22]
2022-06-02 07:49:08,553 - stagnation - DEBUG - 443.1106214729808 [13, 28, 26, 24, 8, 10, 25, 9, 7, 3, 1, 18, 15, 11, 20, 0, 14, 29, 19, 4, 6, 21, 2, 12, 23, 16, 17, 27, 5, 22]
2022-06-02 07:49:08,561 - stagnation - DEBUG - 443.11062147298094 [22, 5, 27, 17, 16, 23, 12, 2, 21, 6, 4, 19, 29, 14, 0, 20, 11, 15, 18, 1, 3, 7, 9, 25, 10, 8, 24, 26, 28, 13]
2022-06-02 07:49:08,569 - stagnation - DEBUG - 443.1106214729808 [28, 26, 24, 8, 10, 25, 9, 7, 3, 1, 18, 15, 11, 20, 0, 14, 29, 19, 4, 6, 21, 2, 12, 23, 16, 17, 27, 5, 22, 13]
2022-06-02 07:49:08,577 - stagnation - DEBUG - 443.1106214729809 [13, 22, 5, 27, 17, 16, 23, 12, 2, 21, 6, 4, 19, 29, 14, 0, 20, 11, 15, 18, 1, 3, 7, 9, 25, 10, 8, 24, 26, 28]
2022-06-02 07:49:08,585 - stagnation - DEBUG - 443.1106214729809 [26, 24, 8, 10, 25, 9, 7, 3, 1, 18, 15, 11, 20, 0, 14, 29, 19, 4, 6, 21, 2, 12, 23, 16, 17, 27, 5, 22, 13, 28]
2022-06-02 07:49:08,593 - stagnation - DEBUG - 443.1106214729808 [28, 13, 22, 5, 27, 17, 16, 23, 12, 2, 21, 6, 4, 19, 29, 14, 0, 20, 11, 15, 18, 1, 3, 7, 9, 25, 10, 8, 24, 26]
2022-06-02 07:49:08,601 - stagnation - DEBUG - 443.1106214729809 [24, 8, 10, 25, 9, 7, 3, 1, 18, 15, 11, 20, 0, 14, 29, 19, 4, 6, 21, 2, 12, 23, 16, 17, 27, 5, 22, 13, 28, 26]
2022-06-02 07:49:08,610 - stagnation - DEBUG - 443.1106214729809 [24, 26, 28, 13, 22, 5, 27, 17, 16, 23, 12, 2, 21, 6, 4, 19, 29, 14, 0, 20, 11, 15, 18, 1, 3, 7, 9, 25, 10, 8]
2022-06-02 07:49:08,618 - stagnation - DEBUG - 443.1106214729809 [10, 25, 9, 7, 3, 1, 18, 15, 11, 20, 0, 14, 29, 19, 4, 6, 21, 2, 12, 23, 16, 17, 27, 5, 22, 13, 28, 26, 24, 8]
2022-06-02 07:49:08,626 - stagnation - DEBUG - 443.1106214729808 [8, 24, 26, 28, 13, 22, 5, 27, 17, 16, 23, 12, 2, 21, 6, 4, 19, 29, 14, 0, 20, 11, 15, 18, 1, 3, 7, 9, 25, 10]
2022-06-02 07:49:08,634 - stagnation - DEBUG - 443.1106214729808 [25, 9, 7, 3, 1, 18, 15, 11, 20, 0, 14, 29, 19, 4, 6, 21, 2, 12, 23, 16, 17, 27, 5, 22, 13, 28, 26, 24, 8, 10]
2022-06-02 07:49:08,642 - stagnation - DEBUG - 443.1106214729809 [10, 8, 24, 26, 28, 13, 22, 5, 27, 17, 16, 23, 12, 2, 21, 6, 4, 19, 29, 14, 0, 20, 11, 15, 18, 1, 3, 7, 9, 25]
2022-06-02 07:49:08,650 - stagnation - DEBUG - 443.1106214729809 [9, 7, 3, 1, 18, 15, 11, 20, 0, 14, 29, 19, 4, 6, 21, 2, 12, 23, 16, 17, 27, 5, 22, 13, 28, 26, 24, 8, 10, 25]
2022-06-02 07:49:08,658 - stagnation - DEBUG - 443.1106214729809 [25, 10, 8, 24, 26, 28, 13, 22, 5, 27, 17, 16, 23, 12, 2, 21, 6, 4, 19, 29, 14, 0, 20, 11, 15, 18, 1, 3, 7, 9]
2022-06-02 07:49:08,666 - stagnation - DEBUG - 443.1106214729809 [7, 3, 1, 18, 15, 11, 20, 0, 14, 29, 19, 4, 6, 21, 2, 12, 23, 16, 17, 27, 5, 22, 13, 28, 26, 24, 8, 10, 25, 9]
2022-06-02 07:49:08,674 - stagnation - DEBUG - 443.1106214729808 [9, 25, 10, 8, 24, 26, 28, 13, 22, 5, 27, 17, 16, 23, 12, 2, 21, 6, 4, 19, 29, 14, 0, 20, 11, 15, 18, 1, 3, 7]
2022-06-02 07:49:08,682 - stagnation - DEBUG - 443.1106214729809 [3, 1, 18, 15, 11, 20, 0, 14, 29, 19, 4, 6, 21, 2, 12, 23, 16, 17, 27, 5, 22, 13, 28, 26, 24, 8, 10, 25, 9, 7]
2022-06-02 07:49:08,690 - stagnation - DEBUG - 443.1106214729808 [7, 9, 25, 10, 8, 24, 26, 28, 13, 22, 5, 27, 17, 16, 23, 12, 2, 21, 6, 4, 19, 29, 14, 0, 20, 11, 15, 18, 1, 3]
2022-06-02 07:49:08,698 - stagnation - DEBUG - 443.1106214729808 [1, 18, 15, 11, 20, 0, 14, 29, 19, 4, 6, 21, 2, 12, 23, 16, 17, 27, 5, 22, 13, 28, 26, 24, 8, 10, 25, 9, 7, 3]
2022-06-02 07:49:08,706 - stagnation - DEBUG - 443.1106214729808 [3, 7, 9, 25, 10, 8, 24, 26, 28, 13, 22, 5, 27, 17, 16, 23, 12, 2, 21, 6, 4, 19, 29, 14, 0, 20, 11, 15, 18, 1]
2022-06-02 07:49:08,714 - stagnation - DEBUG - 443.1106214729809 [18, 15, 11, 20, 0, 14, 29, 19, 4, 6, 21, 2, 12, 23, 16, 17, 27, 5, 22, 13, 28, 26, 24, 8, 10, 25, 9, 7, 3, 1]
