2022-06-02 07:49:07,772 - two_opt - DEBUG - 1536.886007947223 [12, 24, 29, 6, 19, 27, 4, 18, 17, 28, 15, 20, 25, 11, 23, 16, 1, 8, 7, 26, 22, 13, 21, 14, 9, 2, 3, 5, 0, 10]
2022-06-02 07:49:07,775 - two_opt - DEBUG - 1392.6718940464932 [12, 24, 29, 6, 19, 4, 27, 18, 17, 28, 15, 20, 25, 11, 23, 16, 1, 8, 7, 26, 22, 13, 21, 14, 9, 2, 3, 5, 0, 10]
2022-06-02 07:49:07,778 - two_opt - DEBUG - 1276.5056606312892 [9, 14, 21, 13, 22, 26, 7, 8, 1, 16, 23, 11, 25, 20, 15, 28, 17, 18, 27, 4, 19, 6, 29, 24, 12, 2, 3, 5, 0, 10]
2022-06-02 07:49:07,782 - two_opt - DEBUG - 1173.9819562886828 [9, 14, 21, 13, 22, 26, 7, 8, 1, 16, 23, 11, 25, 20, 15, 28, 17, 18, 27, 4, 19, 6, 29, 0, 5, 3, 2, 12, 24, 10]
2022-06-02 07:49:07,785 - two_opt - DEBUG - 1069.2680962934933 [9, 14, 21, 13, 22, 26, 7, 8, 1, 3, 5, 0, 29, 6, 19, 4, 27, 18, 17, 28, 15, 20, 25, 11, 23, 16, 2, 12, 24, 10]
2022-06-02 07:49:07,788 - two_opt - DEBUG - 993.693300334328 [9, 25, 20, 15, 28, 17, 18, 27, 4, 19, 6, 29, 0, 5, 3, 1, 8, 7, 26, 22, 13, 21, 14, 11, 23, 16, 2, 12, 24, 10]
2022-06-02 07:49:07,791 - two_opt - DEBUG - 936.4555072241161 [9, 25, 20, 15, 28, 17, 18, 27, 4, 19, 6, 21, 13, 22, 26, 7, 8, 1, 3, 5, 0, 29, 14, 11, 23, 16, 2, 12, 24, 10]
2022-06-02 07:49:07,795 - two_opt - DEBUG - 876.9873079305836 [9, 25, 20, 15, 28, 17, 18, 27, 4, 19, 6, 21, 13, 22, 12, 2, 16, 23, 11, 14, 29, 0, 5, 3, 1, 8, 7, 26, 24, 10]
2022-06-02 07:49:07,798 - two_opt - DEBUG - 820.178658460259 [9, 25, 20, 15, 28, 17, 18, 27, 14, 11, 23, 16, 2, 12, 22, 13, 21, 6, 19, 4, 29, 0, 5, 3, 1, 8, 7, 26, 24, 10]
2022-06-02 07:49:07,801 - two_opt - DEBUG - 763.0526754567256 [9, 25, 20, 15, 11, 14, 27, 18, 17, 28, 23, 16, 2, 12, 22, 13, 21, 6, 19, 4, 29, 0, 5, 3, 1, 8, 7, 26, 24, 10]
2022-06-02 07:49:07,804 - two_opt - DEBUG - 711.9426155714705 [9, 25, 20, 15, 11, 14, 27, 18, 17, 28, 23, 16, 13, 22, 12, 2, 21, 6, 19, 4, 29, 0, 5, 3, 1, 8, 7, 26, 24, 10]
2022-06-02 07:49:07,807 - two_opt - DEBUG - 669.0207914550093 [9, 25, 20, 15, 11, 14, 0, 29, 4, 19, 6, 21, 2, 12, 22, 13, 16, 23, 28, 17, 18, 27, 5, 3, 1, 8, 7, 26, 24, 10]
2022-06-02 07:49:07,811 - two_opt - DEBUG - 633.0722777650781 [9, 25, 20, 15, 11, 14, 0, 29, 4, 19, 6, 21, 2, 12, 23, 16, 13, 22, 28, 17, 18, 27, 5, 3, 1, 8, 7, 26, 24, 10]
2022-06-02 07:49:07,814 - two_opt - DEBUG - 598.0266335842862 [9, 25, 20, 15, 11, 14, 0, 29, 4, 19, 6, 21, 2, 12, 23, 16, 13, 22, 28, 17, 5, 27, 18, 3, 1, 8, 7, 26, 24, 10]
2022-06-02 07:49:07,817 - two_opt - DEBUG - 564.638376498756 [9, 25, 20, 15, 11, 14, 0, 29, 4, 19, 6, 21, 2, 12, 23, 16, 13, 22, 28, 17, 5, 27, 18, 3, 1, 7, 8, 26, 24, 10]
2022-06-02 07:49:07,820 - two_opt - DEBUG - 544.1842306200359 [9, 25, 28, 22, 13, 16, 23, 12, 2, 21, 6, 19, 4, 29, 0, 14, 11, 15, 20, 17, 5, 27, 18, 3, 1, 7, 8, 26, 24, 10]
2022-06-02 07:49:07,824 - two_opt - DEBUG - 526.9998393903986 [9, 25, 8, 7, 1, 3, 18, 27, 5, 17, 20, 15, 11, 14, 0, 29, 4, 19, 6, 21, 2, 12, 23, 16, 13, 22, 28, 26, 24, 10]
2022-06-02 07:49:07,827 - two_opt - DEBUG - 507.2183942887504 [8, 25, 9, 7, 1, 3, 18, 27, 5, 17, 20, 15, 11, 14, 0, 29, 4, 19, 6, 21, 2, 12, 23, 16, 13, 22, 28, 26, 24, 10]
2022-06-02 07:49:07,830 - two_opt - DEBUG - 498.44030798889816 [8, 25, 9, 7, 1, 3, 18, 27, 5, 17, 20, 15, 11, 0, 14, 29, 4, 19, 6, 21, 2, 12, 23, 16, 13, 22, 28, 26, 24, 10]
2022-06-02 07:49:07,833 - two_opt - DEBUG - 491.2894795504904 [8, 25, 9, 7, 1, 3, 18, 27, 5, 17, 20, 15, 11, 0, 14, 29, 4, 19, 6, 21, 2, 12, 23, 16, 22, 13, 28, 26, 24, 10]
2022-06-02 07:49:07,837 - two_opt - DEBUG - 486.15333823552845 [8, 25, 9, 7, 1, 3, 18, 5, 27, 17, 20, 15, 11, 0, 14, 29, 4, 19, 6, 21, 2, 12, 23, 16, 22, 13, 28, 26, 24, 10]
2022-06-02 07:49:07,840 - two_opt - DEBUG - 482.29772439346965 [8, 24, 26, 28, 13, 22, 16, 23, 12, 2, 21, 6, 19, 4, 29, 14, 0, 11, 15, 20, 17, 27, 5, 18, 3, 1, 7, 9, 25, 10]
2022-06-02 07:49:07,843 - two_opt - DEBUG - 478.9053619648399 [8, 24, 26, 28, 13, 22, 20, 15, 11, 0, 14, 29, 4, 19, 6, 21, 2, 12, 23, 16, 17, 27, 5, 18, 3, 1, 7, 9, 25, 10]
2022-06-02 07:49:07,846 - two_opt - DEBUG - 465.87244614843945 [8, 24, 26, 28, 13, 22, 5, 27, 17, 16, 23, 12, 2, 21, 6, 19, 4, 29, 14, 0, 11, 15, 20, 18, 3, 1, 7, 9, 25, 10]
2022-06-02 07:49:07,850 - two_opt - DEBUG - 457.0541511608477 [8, 24, 26, 28, 13, 22, 5, 27, 17, 16, 23, 12, 2, 21, 6, 19, 4, 29, 14, 0, 11, 20, 15, 18, 3, 1, 7, 9, 25, 10]
2022-06-02 07:49:07,853 - two_opt - DEBUG - 449.0078231258932 [8, 24, 26, 28, 13, 22, 5, 27, 17, 16, 23, 12, 2, 21, 6, 19, 4, 29, 14, 0, 20, 11, 15, 18, 3, 1, 7, 9, 25, 10]
2022-06-02 07:49:07,856 - two_opt - DEBUG - 445.98394093602093 [8, 24, 26, 28, 13, 22, 5, 27, 17, 16, 23, 12, 2, 21, 6, 19, 4, 29, 14, 0, 20, 11, 15, 18, 1, 3, 7, 9, 25, 10]
2022-06-02 07:49:07,859 - two_opt - DEBUG - 443.1106214729808 [8, 24, 26, 28, 13, 22, 5, 27, 17, 16, 23, 12, 2, 21, 6, 4, 19, 29, 14, 0, 20, 11, 15, 18, 1, 3, 7, 9, 25, 10]
